d:\users\534\desktop\master\datinghotline\sp1framework\debug\vc140.pdb
d:\users\534\desktop\master\datinghotline\sp1framework\debug\vc140.idb
d:\users\534\desktop\master\datinghotline\sp1framework\debug\astar.obj
d:\users\534\desktop\master\datinghotline\sp1framework\debug\boss.obj
d:\users\534\desktop\master\datinghotline\sp1framework\debug\boulders.obj
d:\users\534\desktop\master\datinghotline\sp1framework\debug\coords.obj
d:\users\534\desktop\master\datinghotline\sp1framework\debug\cube.obj
d:\users\534\desktop\master\datinghotline\sp1framework\debug\enemies.obj
d:\users\534\desktop\master\datinghotline\sp1framework\debug\console.obj
d:\users\534\desktop\master\datinghotline\sp1framework\debug\timer.obj
d:\users\534\desktop\master\datinghotline\sp1framework\debug\game.obj
d:\users\534\desktop\master\datinghotline\sp1framework\debug\main.obj
d:\users\534\desktop\master\datinghotline\sp1framework\debug\map.obj
d:\users\534\desktop\master\datinghotline\sp1framework\debug\player.obj
d:\users\534\desktop\master\datinghotline\sp1framework\debug\quiz.obj
d:\users\534\desktop\master\datinghotline\sp1framework\debug\trigger.obj
d:\users\534\desktop\master\datinghotline\debug\sp1framework.ilk
d:\users\534\desktop\master\datinghotline\debug\sp1framework.exe
d:\users\534\desktop\master\datinghotline\debug\sp1framework.pdb
d:\users\534\desktop\master\datinghotline\sp1framework\debug\sp1framework.tlog\cl.command.1.tlog
d:\users\534\desktop\master\datinghotline\sp1framework\debug\sp1framework.tlog\cl.read.1.tlog
d:\users\534\desktop\master\datinghotline\sp1framework\debug\sp1framework.tlog\cl.write.1.tlog
d:\users\534\desktop\master\datinghotline\sp1framework\debug\sp1framework.tlog\link.command.1.tlog
d:\users\534\desktop\master\datinghotline\sp1framework\debug\sp1framework.tlog\link.read.1.tlog
d:\users\534\desktop\master\datinghotline\sp1framework\debug\sp1framework.tlog\link.write.1.tlog
